<?xml version="1.0" encoding="UTF-8"?>
<testng-results ignored="0" total="2" passed="2" failed="0" skipped="0">
  <reporter-output>
  </reporter-output>
  <suite started-at="2023-08-02T21:57:08 IST" name="Default suite" finished-at="2023-08-02T21:58:59 IST" duration-ms="111640">
    <groups>
      <group name="cucumber">
        <method signature="AbstractTestNGCucumberTests.runScenario(io.cucumber.testng.PickleWrapper,io.cucumber.testng.FeatureWrapper)[pri:0, instance:TestRunner.TestRunner@74ea2410]" name="runScenario" class="io.cucumber.testng.AbstractTestNGCucumberTests"/>
      </group> <!-- cucumber -->
    </groups>
    <test started-at="2023-08-02T21:57:08 IST" name="Default test" finished-at="2023-08-02T21:58:59 IST" duration-ms="111640">
      <class name="TestRunner.TestRunner">
        <test-method is-config="true" signature="setUpClass(org.testng.ITestContext)[pri:0, instance:TestRunner.TestRunner@74ea2410]" started-at="2023-08-02T21:57:08 IST" name="setUpClass" finished-at="2023-08-02T21:57:09 IST" duration-ms="1515" status="PASS">
          <params>
            <param index="0">
              <value>
                <![CDATA[org.testng.TestRunner@25589735]]>
              </value>
            </param>
          </params>
          <reporter-output>
          </reporter-output>
        </test-method> <!-- setUpClass -->
        <test-method signature="runScenario(io.cucumber.testng.PickleWrapper,io.cucumber.testng.FeatureWrapper)[pri:0, instance:TestRunner.TestRunner@74ea2410]" started-at="2023-08-02T21:57:09 IST" name="runScenario" description="Runs Cucumber Scenarios" data-provider="scenarios" finished-at="2023-08-02T21:57:42 IST" duration-ms="33160" status="PASS">
          <params>
            <param index="0">
              <value>
                <![CDATA["Test facebook registration page"]]>
              </value>
            </param>
            <param index="1">
              <value>
                <![CDATA["Test Facebook Registration Application"]]>
              </value>
            </param>
          </params>
          <reporter-output>
          </reporter-output>
        </test-method> <!-- runScenario -->
        <test-method signature="runScenario(io.cucumber.testng.PickleWrapper,io.cucumber.testng.FeatureWrapper)[pri:0, instance:TestRunner.TestRunner@74ea2410]" started-at="2023-08-02T21:57:42 IST" name="runScenario" description="Runs Cucumber Scenarios" data-provider="scenarios" finished-at="2023-08-02T21:58:53 IST" duration-ms="70212" status="PASS">
          <params>
            <param index="0">
              <value>
                <![CDATA["Test facebook registration page"]]>
              </value>
            </param>
            <param index="1">
              <value>
                <![CDATA["Test Facebook Registration Application"]]>
              </value>
            </param>
          </params>
          <reporter-output>
          </reporter-output>
        </test-method> <!-- runScenario -->
        <test-method is-config="true" signature="tearDownClass()[pri:0, instance:TestRunner.TestRunner@74ea2410]" started-at="2023-08-02T21:58:53 IST" name="tearDownClass" finished-at="2023-08-02T21:58:59 IST" duration-ms="6661" status="PASS">
          <reporter-output>
          </reporter-output>
        </test-method> <!-- tearDownClass -->
      </class> <!-- TestRunner.TestRunner -->
    </test> <!-- Default test -->
  </suite> <!-- Default suite -->
</testng-results>
